#
# A fatal error has been detected by the Java Runtime Environment:
#
#  EXCEPTION_ACCESS_VIOLATION (0xc0000005) at pc=0x0000023cbb071066, pid=6872, tid=0x00000000000026ac
#
# JRE version: OpenJDK Runtime Environment (8.0_242-b08) (build 1.8.0_242-b08)
# Java VM: OpenJDK 64-Bit Server VM (25.242-b08 mixed mode windows-amd64 compressed oops)
# Problematic frame:
# C  [OpenAL64.dll+0x11066]
#
# Failed to write core dump. Minidumps are not enabled by default on client versions of Windows
#
# If you would like to submit a bug report, please visit:
#   
# The crash happened outside the Java Virtual Machine in native code.
# See problematic frame for where to report the bug.
#

---------------  T H R E A D  ---------------

Current thread (0x0000023cbaf52000):  JavaThread "main" [_thread_in_native, id=9900, stack(0x00000092a6000000,0x00000092a6100000)]

siginfo: ExceptionCode=0xc0000005, reading address 0x0000023cd2eba004

Registers:
RAX=0x0000000000000004, RBX=0x0000023cd35b0090, RCX=0x0000023cd2eba008, RDX=0x0000023cd2eba004
RSP=0x00000092a60fc920, RBP=0x00000000000000ff, RSI=0x0000023cd2eb49bc, RDI=0x0000000000000000
R8 =0x0000000000001592, R9 =0x0000023cd2eb49bc, R10=0x0000023cbc8a9c62, R11=0x0000000057f94220
R12=0x0000000000000001, R13=0x0000023cd331c2e0, R14=0x00000092a60fcac0, R15=0x0000023cbaf52000
RIP=0x0000023cbb071066, EFLAGS=0x0000000000010202

Top of Stack: (sp=0x00000092a60fc920)
0x00000092a60fc920:   0000000000000000 0000000000000000
0x00000092a60fc930:   0000000000000000 0000023cbaf52000
0x00000092a60fc940:   00000092a60fcac0 0000023cd331c2e0
0x00000092a60fc950:   0000023cbaf52000 0000023cbaf3f9c0
0x00000092a60fc960:   0000023cd331c2e0 0000000000000000
0x00000092a60fc970:   0000023cbaf32440 0000000057e36665
0x00000092a60fc980:   00000092a60fd250 0000023cbaf52880
0x00000092a60fc990:   0000023cbaf52000 00000092a60fcac0
0x00000092a60fc9a0:   0000023cd331c2e0 0000000000000000
0x00000092a60fc9b0:   0000023cd2eb49bc 0000000000000248
0x00000092a60fc9c0:   00000092a60fca88 0000023cbb07248f
0x00000092a60fc9d0:   0000023cd35b0090 0000023cd35b0090
0x00000092a60fc9e0:   000000000000ac44 0000023c00000004
0x00000092a60fc9f0:   0000023cbc897bd0 0000023cbc8a9c8e
0x00000092a60fca00:   0000023cd331c2e0 00000092a60fca08
0x00000092a60fca10:   0000023cbc897bd0 0000023cbc8a999b 

Instructions: (pc=0x0000023cbb071066)
0x0000023cbb071046:   41 2b ec 81 3a 03 00 02 00 75 09 8b 01 89 84 24
0x0000023cbb071056:   c8 00 00 00 49 83 c0 02 48 83 c1 08 4a 8d 14 86
0x0000023cbb071066:   39 3a 75 af 4c 8d 84 24 c0 00 00 00 48 8d 15 d7
0x0000023cbb071076:   2b 03 00 33 c9 e8 58 5f 00 00 b8 40 1f 00 00 4c 


Register to memory mapping:

RAX=0x0000000000000004 is an unknown value
RBX=0x0000023cd35b0090 is an unknown value
RCX=0x0000023cd2eba008 is an unknown value
RDX=0x0000023cd2eba004 is an unknown value
RSP=0x00000092a60fc920 is pointing into the stack for thread: 0x0000023cbaf52000
RBP=0x00000000000000ff is an unknown value
RSI=0x0000023cd2eb49bc is an unknown value
RDI=0x0000000000000000 is an unknown value
R8 =0x0000000000001592 is an unknown value
R9 =0x0000023cd2eb49bc is an unknown value
R10=0x0000023cbc8a9c62 is at code_begin+962 in an Interpreter codelet
method entry point (kind = native)  [0x0000023cbc8a98a0, 0x0000023cbc8aa340]  2720 bytes
R11=0x0000000057f94220 is an unknown value
R12=0x0000000000000001 is an unknown value
R13={method} {0x0000023cd331c2e8} 'nalcCreateContext' '(JJ)J' in 'org/lwjgl/openal/ALC10'
R14=0x00000092a60fcac0 is pointing into the stack for thread: 0x0000023cbaf52000
R15=0x0000023cbaf52000 is a thread


Stack: [0x00000092a6000000,0x00000092a6100000],  sp=0x00000092a60fc920,  free space=1010k
Native frames: (J=compiled Java code, j=interpreted, Vv=VM code, C=native code)
C  [OpenAL64.dll+0x11066]
C  [OpenAL64.dll+0x1248f]
C  0x0000023cbc8a9c8e

Java frames: (J=compiled Java code, j=interpreted, Vv=VM code)
j  org.lwjgl.openal.ALC10.nalcCreateContext(JJ)J+0
j  org.lwjgl.openal.ALC10.alcCreateContext(Lorg/lwjgl/openal/ALCdevice;Ljava/nio/IntBuffer;)Lorg/lwjgl/openal/ALCcontext;+8
j  org.lwjgl.openal.AL.init(Ljava/lang/String;IIZZ)V+69
j  org.lwjgl.openal.AL.create(Ljava/lang/String;IIZZ)V+246
j  org.lwjgl.openal.AL.create(Ljava/lang/String;IIZ)V+5
j  org.lwjgl.openal.AL.create()V+6
j  com.badlogic.gdx.backends.lwjgl.audio.OpenALAudio.<init>(III)V+114
j  com.badlogic.gdx.backends.lwjgl.LwjglApplication.<init>(Lcom/badlogic/gdx/ApplicationListener;Lcom/badlogic/gdx/backends/lwjgl/LwjglApplicationConfiguration;Lcom/badlogic/gdx/backends/lwjgl/LwjglGraphics;)V+120
j  com.badlogic.gdx.backends.lwjgl.LwjglApplication.<init>(Lcom/badlogic/gdx/ApplicationListener;Lcom/badlogic/gdx/backends/lwjgl/LwjglApplicationConfiguration;)V+11
j  org.uqbar.project.wollok.game.gameboard.WollokGDXApplication.<init>(Lorg/uqbar/project/wollok/game/gameboard/Gameboard;Ljava/lang/Boolean;)V+17
j  org.uqbar.project.wollok.game.helpers.Application.start(Lorg/uqbar/project/wollok/game/gameboard/Gameboard;Ljava/lang/Boolean;)V+5
j  org.uqbar.project.wollok.game.gameboard.Gameboard.start(Ljava/lang/Boolean;)V+13
j  wollok.game.GameObject.doStart(Ljava/lang/Boolean;)V+12
v  ~StubRoutines::call_stub
j  sun.reflect.NativeMethodAccessorImpl.invoke0(Ljava/lang/reflect/Method;Ljava/lang/Object;[Ljava/lang/Object;)Ljava/lang/Object;+0
j  sun.reflect.NativeMethodAccessorImpl.invoke(Ljava/lang/Object;[Ljava/lang/Object;)Ljava/lang/Object;+100
J 2367 C1 sun.reflect.DelegatingMethodAccessorImpl.invoke(Ljava/lang/Object;[Ljava/lang/Object;)Ljava/lang/Object; (10 bytes) @ 0x0000023cbd075844 [0x0000023cbd075740+0x104]
J 2366 C1 java.lang.reflect.Method.invoke(Ljava/lang/Object;[Ljava/lang/Object;)Ljava/lang/Object; (62 bytes) @ 0x0000023cbd06d9ec [0x0000023cbd06d600+0x3ec]
j  org.uqbar.project.wollok.ui.utils.XTendUtilExtensions.invokeConvertingArgs(Ljava/lang/reflect/Method;Ljava/lang/Object;[Ljava/lang/Object;)Lorg/uqbar/project/wollok/interpreter/core/WollokObject;+265
j  org.uqbar.project.wollok.interpreter.AbstractWollokCallable._invokeNative(Ljava/lang/Object;Ljava/lang/String;[Lorg/uqbar/project/wollok/interpreter/core/WollokObject;)Lorg/uqbar/project/wollok/interpreter/core/WollokObject;+41
j  org.uqbar.project.wollok.interpreter.AbstractWollokCallable.invokeNative(Ljava/lang/Object;Ljava/lang/String;[Lorg/uqbar/project/wollok/interpreter/core/WollokObject;)Lorg/uqbar/project/wollok/interpreter/core/WollokObject;+26
j  org.uqbar.project.wollok.interpreter.AbstractWollokCallable$1.apply()Lorg/uqbar/project/wollok/interpreter/core/WollokObject;+55
j  org.uqbar.project.wollok.interpreter.AbstractWollokCallable$1.apply()Ljava/lang/Object;+1
j  org.uqbar.project.wollok.interpreter.threads.WThread.performOnStack(Lorg/eclipse/emf/ecore/EObject;Lorg/uqbar/project/wollok/interpreter/context/EvaluationContext;Lorg/eclipse/xtext/xbase/lib/Functions$Function0;)Lorg/uqbar/project/wollok/interpreter/core/WollokObject;+29
j  org.uqbar.project.wollok.interpreter.WollokInterpreter.performOnStack(Lorg/eclipse/emf/ecore/EObject;Lorg/uqbar/project/wollok/interpreter/context/EvaluationContext;Lorg/eclipse/xtext/xbase/lib/Functions$Function0;)Lorg/uqbar/project/wollok/interpreter/core/WollokObject;+7
j  org.uqbar.project.wollok.interpreter.AbstractWollokCallable.call(Lorg/uqbar/project/wollok/wollokDsl/WMethodDeclaration;[Lorg/uqbar/project/wollok/interpreter/core/WollokObject;)Lorg/uqbar/project/wollok/interpreter/core/WollokObject;+38
j  org.uqbar.project.wollok.interpreter.core.WollokObject.call(Ljava/lang/String;[Lorg/uqbar/project/wollok/interpreter/core/WollokObject;)Lorg/uqbar/project/wollok/interpreter/core/WollokObject;+55
j  org.uqbar.project.wollok.interpreter.WollokInterpreterEvaluator._evaluate(Lorg/uqbar/project/wollok/wollokDsl/WFeatureCall;)Lorg/uqbar/project/wollok/interpreter/core/WollokObject;+119
j  org.uqbar.project.wollok.launch.WollokLauncherInterpreterEvaluator.evaluate(Lorg/eclipse/emf/ecore/EObject;)Lorg/uqbar/project/wollok/interpreter/core/WollokObject;+412
j  org.uqbar.project.wollok.interpreter.WollokInterpreterEvaluator.evaluate(Lorg/eclipse/emf/ecore/EObject;)Ljava/lang/Object;+2
j  org.uqbar.project.wollok.interpreter.WollokInterpreter.eval(Lorg/eclipse/emf/ecore/EObject;)Lorg/uqbar/project/wollok/interpreter/core/WollokObject;+63
j  org.uqbar.project.wollok.interpreter.WollokInterpreterEvaluator.eval(Lorg/eclipse/emf/ecore/EObject;)Lorg/uqbar/project/wollok/interpreter/core/WollokObject;+5
j  org.uqbar.project.wollok.interpreter.WollokInterpreterEvaluator$1.apply(Lorg/uqbar/project/wollok/interpreter/core/WollokObject;Lorg/eclipse/emf/ecore/EObject;)Lorg/uqbar/project/wollok/interpreter/core/WollokObject;+5
j  org.uqbar.project.wollok.interpreter.WollokInterpreterEvaluator$1.apply(Ljava/lang/Object;Ljava/lang/Object;)Ljava/lang/Object;+9
j  org.eclipse.xtext.xbase.lib.IteratorExtensions.fold(Ljava/util/Iterator;Ljava/lang/Object;Lorg/eclipse/xtext/xbase/lib/Functions$Function2;)Ljava/lang/Object;+19
j  org.eclipse.xtext.xbase.lib.IterableExtensions.fold(Ljava/lang/Iterable;Ljava/lang/Object;Lorg/eclipse/xtext/xbase/lib/Functions$Function2;)Ljava/lang/Object;+8
j  org.uqbar.project.wollok.interpreter.WollokInterpreterEvaluator.evalAll(Ljava/lang/Iterable;)Lorg/uqbar/project/wollok/interpreter/core/WollokObject;+12
j  org.uqbar.project.wollok.interpreter.WollokInterpreterEvaluator._evaluate(Lorg/uqbar/project/wollok/wollokDsl/WBlockExpression;)Lorg/uqbar/project/wollok/interpreter/core/WollokObject;+34
j  org.uqbar.project.wollok.launch.WollokLauncherInterpreterEvaluator.evaluate(Lorg/eclipse/emf/ecore/EObject;)Lorg/uqbar/project/wollok/interpreter/core/WollokObject;+76
j  org.uqbar.project.wollok.interpreter.WollokInterpreterEvaluator.evaluate(Lorg/eclipse/emf/ecore/EObject;)Ljava/lang/Object;+2
j  org.uqbar.project.wollok.interpreter.WollokInterpreter.eval(Lorg/eclipse/emf/ecore/EObject;)Lorg/uqbar/project/wollok/interpreter/core/WollokObject;+63
j  org.uqbar.project.wollok.interpreter.AbstractWollokCallable.eval(Lorg/eclipse/emf/ecore/EObject;)Lorg/uqbar/project/wollok/interpreter/core/WollokObject;+5
j  org.uqbar.project.wollok.interpreter.AbstractWollokCallable$1.apply()Lorg/uqbar/project/wollok/interpreter/core/WollokObject;+110
j  org.uqbar.project.wollok.interpreter.AbstractWollokCallable$1.apply()Ljava/lang/Object;+1
j  org.uqbar.project.wollok.interpreter.threads.WThread.performOnStack(Lorg/eclipse/emf/ecore/EObject;Lorg/uqbar/project/wollok/interpreter/context/EvaluationContext;Lorg/eclipse/xtext/xbase/lib/Functions$Function0;)Lorg/uqbar/project/wollok/interpreter/core/WollokObject;+29
j  org.uqbar.project.wollok.interpreter.WollokInterpreter.performOnStack(Lorg/eclipse/emf/ecore/EObject;Lorg/uqbar/project/wollok/interpreter/context/EvaluationContext;Lorg/eclipse/xtext/xbase/lib/Functions$Function0;)Lorg/uqbar/project/wollok/interpreter/core/WollokObject;+7
j  org.uqbar.project.wollok.interpreter.AbstractWollokCallable.call(Lorg/uqbar/project/wollok/wollokDsl/WMethodDeclaration;[Lorg/uqbar/project/wollok/interpreter/core/WollokObject;)Lorg/uqbar/project/wollok/interpreter/core/WollokObject;+38
j  org.uqbar.project.wollok.interpreter.core.WollokObject.call(Ljava/lang/String;[Lorg/uqbar/project/wollok/interpreter/core/WollokObject;)Lorg/uqbar/project/wollok/interpreter/core/WollokObject;+55
j  org.uqbar.project.wollok.interpreter.WollokInterpreterEvaluator._evaluate(Lorg/uqbar/project/wollok/wollokDsl/WFeatureCall;)Lorg/uqbar/project/wollok/interpreter/core/WollokObject;+119
j  org.uqbar.project.wollok.launch.WollokLauncherInterpreterEvaluator.evaluate(Lorg/eclipse/emf/ecore/EObject;)Lorg/uqbar/project/wollok/interpreter/core/WollokObject;+412
j  org.uqbar.project.wollok.interpreter.WollokInterpreterEvaluator.evaluate(Lorg/eclipse/emf/ecore/EObject;)Ljava/lang/Object;+2
j  org.uqbar.project.wollok.interpreter.WollokInterpreter.eval(Lorg/eclipse/emf/ecore/EObject;)Lorg/uqbar/project/wollok/interpreter/core/WollokObject;+63
j  org.uqbar.project.wollok.interpreter.WollokInterpreterEvaluator.eval(Lorg/eclipse/emf/ecore/EObject;)Lorg/uqbar/project/wollok/interpreter/core/WollokObject;+5
j  org.uqbar.project.wollok.interpreter.WollokInterpreterEvaluator$1.apply(Lorg/uqbar/project/wollok/interpreter/core/WollokObject;Lorg/eclipse/emf/ecore/EObject;)Lorg/uqbar/project/wollok/interpreter/core/WollokObject;+5
j  org.uqbar.project.wollok.interpreter.WollokInterpreterEvaluator$1.apply(Ljava/lang/Object;Ljava/lang/Object;)Ljava/lang/Object;+9
j  org.eclipse.xtext.xbase.lib.IteratorExtensions.fold(Ljava/util/Iterator;Ljava/lang/Object;Lorg/eclipse/xtext/xbase/lib/Functions$Function2;)Ljava/lang/Object;+19
j  org.eclipse.xtext.xbase.lib.IterableExtensions.fold(Ljava/lang/Iterable;Ljava/lang/Object;Lorg/eclipse/xtext/xbase/lib/Functions$Function2;)Ljava/lang/Object;+8
j  org.uqbar.project.wollok.interpreter.WollokInterpreterEvaluator.evalAll(Ljava/lang/Iterable;)Lorg/uqbar/project/wollok/interpreter/core/WollokObject;+12
j  org.uqbar.project.wollok.interpreter.WollokInterpreterEvaluator._evaluate(Lorg/uqbar/project/wollok/wollokDsl/WProgram;)Lorg/uqbar/project/wollok/interpreter/core/WollokObject;+18
j  org.uqbar.project.wollok.launch.WollokLauncherInterpreterEvaluator.evaluate(Lorg/eclipse/emf/ecore/EObject;)Lorg/uqbar/project/wollok/interpreter/core/WollokObject;+444
j  org.uqbar.project.wollok.interpreter.WollokInterpreterEvaluator.evaluate(Lorg/eclipse/emf/ecore/EObject;)Ljava/lang/Object;+2
j  org.uqbar.project.wollok.interpreter.WollokInterpreter.eval(Lorg/eclipse/emf/ecore/EObject;)Lorg/uqbar/project/wollok/interpreter/core/WollokObject;+63
j  org.uqbar.project.wollok.interpreter.WollokInterpreterEvaluator.eval(Lorg/eclipse/emf/ecore/EObject;)Lorg/uqbar/project/wollok/interpreter/core/WollokObject;+5
j  org.uqbar.project.wollok.launch.WollokLauncherInterpreterEvaluator._evaluate(Lorg/uqbar/project/wollok/wollokDsl/WFile;)Lorg/uqbar/project/wollok/interpreter/core/WollokObject;+32
j  org.uqbar.project.wollok.launch.WollokLauncherInterpreterEvaluator.evaluate(Lorg/eclipse/emf/ecore/EObject;)Lorg/uqbar/project/wollok/interpreter/core/WollokObject;+428
j  org.uqbar.project.wollok.interpreter.WollokInterpreterEvaluator.evaluate(Lorg/eclipse/emf/ecore/EObject;)Ljava/lang/Object;+2
j  org.uqbar.project.wollok.interpreter.WollokInterpreter.interpret(Lorg/eclipse/emf/ecore/EObject;Ljava/lang/Boolean;)Lorg/uqbar/project/wollok/interpreter/core/WollokObject;+25
j  org.uqbar.project.wollok.interpreter.WollokInterpreter.interpret(Lorg/eclipse/emf/ecore/EObject;)Lorg/uqbar/project/wollok/interpreter/core/WollokObject;+8
j  org.uqbar.project.wollok.launch.WollokLauncher.doSomething(Lorg/uqbar/project/wollok/wollokDsl/WFile;Lcom/google/inject/Injector;Ljava/io/File;Lorg/uqbar/project/wollok/launch/WollokLauncherParameters;)V+57
j  org.uqbar.project.wollok.launch.WollokChecker.launch(Ljava/lang/String;Lorg/uqbar/project/wollok/launch/WollokLauncherParameters;)V+31
j  org.uqbar.project.wollok.launch.WollokChecker.doMain([Ljava/lang/String;)V+213
j  org.uqbar.project.wollok.launch.WollokLauncher.main([Ljava/lang/String;)V+8
v  ~StubRoutines::call_stub

---------------  P R O C E S S  ---------------

Java Threads: ( => current thread )
  0x0000023cd0d05000 JavaThread "com.google.inject.internal.util.$Finalizer" daemon [_thread_blocked, id=288, stack(0x00000092a7000000,0x00000092a7100000)]
  0x0000023cd06d3800 JavaThread "EMF Reference Cleaner" daemon [_thread_blocked, id=3632, stack(0x00000092a6f00000,0x00000092a7000000)]
  0x0000023cceb65000 JavaThread "Service Thread" daemon [_thread_blocked, id=5948, stack(0x00000092a6d00000,0x00000092a6e00000)]
  0x0000023cceaeb800 JavaThread "C1 CompilerThread2" daemon [_thread_blocked, id=11308, stack(0x00000092a6c00000,0x00000092a6d00000)]
  0x0000023ccead2000 JavaThread "C2 CompilerThread1" daemon [_thread_blocked, id=492, stack(0x00000092a6b00000,0x00000092a6c00000)]
  0x0000023cceacc000 JavaThread "C2 CompilerThread0" daemon [_thread_in_native, id=10956, stack(0x00000092a6a00000,0x00000092a6b00000)]
  0x0000023cceac9800 JavaThread "Attach Listener" daemon [_thread_blocked, id=12116, stack(0x00000092a6900000,0x00000092a6a00000)]
  0x0000023cceac8000 JavaThread "Signal Dispatcher" daemon [_thread_blocked, id=880, stack(0x00000092a6800000,0x00000092a6900000)]
  0x0000023cceaa2800 JavaThread "Finalizer" daemon [_thread_blocked, id=4760, stack(0x00000092a6700000,0x00000092a6800000)]
  0x0000023ccea99000 JavaThread "Reference Handler" daemon [_thread_blocked, id=12312, stack(0x00000092a6600000,0x00000092a6700000)]
=>0x0000023cbaf52000 JavaThread "main" [_thread_in_native, id=9900, stack(0x00000092a6000000,0x00000092a6100000)]

Other Threads:
  0x0000023ccea70800 VMThread [stack: 0x00000092a6500000,0x00000092a6600000] [id=6684]
  0x0000023cceb67000 WatcherThread [stack: 0x00000092a6e00000,0x00000092a6f00000] [id=2948]

VM state:not at safepoint (normal execution)

VM Mutex/Monitor currently owned by a thread: None

heap address: 0x00000000c1c00000, size: 996 MB, Compressed Oops mode: 32-bit
Narrow klass base: 0x0000000000000000, Narrow klass shift: 3
Compressed class space size: 1073741824 Address: 0x0000000100000000

Heap:
 PSYoungGen      total 68096K, used 14361K [0x00000000eb400000, 0x00000000f5100000, 0x0000000100000000)
  eden space 65536K, 18% used [0x00000000eb400000,0x00000000ebf8e500,0x00000000ef400000)
  from space 2560K, 98% used [0x00000000ef400000,0x00000000ef678030,0x00000000ef680000)
  to   space 14848K, 0% used [0x00000000f4280000,0x00000000f4280000,0x00000000f5100000)
 ParOldGen       total 44032K, used 26133K [0x00000000c1c00000, 0x00000000c4700000, 0x00000000eb400000)
  object space 44032K, 59% used [0x00000000c1c00000,0x00000000c3585468,0x00000000c4700000)
 Metaspace       used 20032K, capacity 20240K, committed 20608K, reserved 1067008K
  class space    used 2516K, capacity 2576K, committed 2688K, reserved 1048576K

Card table byte_map: [0x0000023ccbc50000,0x0000023ccbe50000] byte_map_base: 0x0000023ccb642000

Marking Bits: (ParMarkBitMap*) 0x0000000058528030
 Begin Bits: [0x0000023ccbfa0000, 0x0000023cccf30000)
 End Bits:   [0x0000023cccf30000, 0x0000023ccdec0000)

Polling page: 0x0000023cbaeb0000

CodeCache: size=245760Kb used=9708Kb max_used=9719Kb free=236051Kb
 bounds [0x0000023cbc890000, 0x0000023cbd220000, 0x0000023ccb890000]
 total_blobs=3434 nmethods=3011 adapters=333
 compilation: enabled

Compilation events (10 events):
Event: 4.266 Thread 0x0000023ccead2000 2500       4       com.google.common.collect.Iterators$8::transform (11 bytes)
Event: 4.267 Thread 0x0000023ccead2000 nmethod 2500 0x0000023cbd1d8110 code [0x0000023cbd1d8260, 0x0000023cbd1d8328]
Event: 4.273 Thread 0x0000023cceaeb800 3019       3       java.nio.DirectByteBuffer::put (18 bytes)
Event: 4.273 Thread 0x0000023cceaeb800 nmethod 3019 0x0000023cbd1d8e50 code [0x0000023cbd1d8fc0, 0x0000023cbd1d9238]
Event: 4.273 Thread 0x0000023cceaeb800 3020       3       java.nio.DirectByteBuffer::ix (10 bytes)
Event: 4.273 Thread 0x0000023cceaeb800 nmethod 3020 0x0000023cbd1d8b10 code [0x0000023cbd1d8c60, 0x0000023cbd1d8db8]
Event: 4.274 Thread 0x0000023cceaeb800 3022       3       java.nio.DirectByteBuffer::put (18 bytes)
Event: 4.275 Thread 0x0000023cceaeb800 nmethod 3022 0x0000023cbd1d8610 code [0x0000023cbd1d8780, 0x0000023cbd1d89f8]
Event: 4.275 Thread 0x0000023cceaeb800 3023       1       java.nio.DirectByteBuffer::ix (10 bytes)
Event: 4.275 Thread 0x0000023cceaeb800 nmethod 3023 0x0000023cbd2117d0 code [0x0000023cbd211920, 0x0000023cbd211a38]

GC Heap History (10 events):
Event: 0.475 GC heap before
{Heap before GC invocations=1 (full 0):
 PSYoungGen      total 18944K, used 16384K [0x00000000eb400000, 0x00000000ec900000, 0x0000000100000000)
  eden space 16384K, 100% used [0x00000000eb400000,0x00000000ec400000,0x00000000ec400000)
  from space 2560K, 0% used [0x00000000ec680000,0x00000000ec680000,0x00000000ec900000)
  to   space 2560K, 0% used [0x00000000ec400000,0x00000000ec400000,0x00000000ec680000)
 ParOldGen       total 44032K, used 0K [0x00000000c1c00000, 0x00000000c4700000, 0x00000000eb400000)
  object space 44032K, 0% used [0x00000000c1c00000,0x00000000c1c00000,0x00000000c4700000)
 Metaspace       used 4653K, capacity 4784K, committed 4992K, reserved 1056768K
  class space    used 471K, capacity 528K, committed 640K, reserved 1048576K
Event: 0.480 GC heap after
Heap after GC invocations=1 (full 0):
 PSYoungGen      total 18944K, used 2555K [0x00000000eb400000, 0x00000000ed900000, 0x0000000100000000)
  eden space 16384K, 0% used [0x00000000eb400000,0x00000000eb400000,0x00000000ec400000)
  from space 2560K, 99% used [0x00000000ec400000,0x00000000ec67ee10,0x00000000ec680000)
  to   space 2560K, 0% used [0x00000000ed680000,0x00000000ed680000,0x00000000ed900000)
 ParOldGen       total 44032K, used 892K [0x00000000c1c00000, 0x00000000c4700000, 0x00000000eb400000)
  object space 44032K, 2% used [0x00000000c1c00000,0x00000000c1cdf350,0x00000000c4700000)
 Metaspace       used 4653K, capacity 4784K, committed 4992K, reserved 1056768K
  class space    used 471K, capacity 528K, committed 640K, reserved 1048576K
}
Event: 0.755 GC heap before
{Heap before GC invocations=2 (full 0):
 PSYoungGen      total 18944K, used 18939K [0x00000000eb400000, 0x00000000ed900000, 0x0000000100000000)
  eden space 16384K, 100% used [0x00000000eb400000,0x00000000ec400000,0x00000000ec400000)
  from space 2560K, 99% used [0x00000000ec400000,0x00000000ec67ee10,0x00000000ec680000)
  to   space 2560K, 0% used [0x00000000ed680000,0x00000000ed680000,0x00000000ed900000)
 ParOldGen       total 44032K, used 892K [0x00000000c1c00000, 0x00000000c4700000, 0x00000000eb400000)
  object space 44032K, 2% used [0x00000000c1c00000,0x00000000c1cdf350,0x00000000c4700000)
 Metaspace       used 5824K, capacity 5896K, committed 6144K, reserved 1056768K
  class space    used 625K, capacity 660K, committed 768K, reserved 1048576K
Event: 0.762 GC heap after
Heap after GC invocations=2 (full 0):
 PSYoungGen      total 35328K, used 2553K [0x00000000eb400000, 0x00000000ed900000, 0x0000000100000000)
  eden space 32768K, 0% used [0x00000000eb400000,0x00000000eb400000,0x00000000ed400000)
  from space 2560K, 99% used [0x00000000ed680000,0x00000000ed8fe660,0x00000000ed900000)
  to   space 2560K, 0% used [0x00000000ed400000,0x00000000ed400000,0x00000000ed680000)
 ParOldGen       total 44032K, used 3311K [0x00000000c1c00000, 0x00000000c4700000, 0x00000000eb400000)
  object space 44032K, 7% used [0x00000000c1c00000,0x00000000c1f3bf50,0x00000000c4700000)
 Metaspace       used 5824K, capacity 5896K, committed 6144K, reserved 1056768K
  class space    used 625K, capacity 660K, committed 768K, reserved 1048576K
}
Event: 1.243 GC heap before
{Heap before GC invocations=3 (full 0):
 PSYoungGen      total 35328K, used 35321K [0x00000000eb400000, 0x00000000ed900000, 0x0000000100000000)
  eden space 32768K, 100% used [0x00000000eb400000,0x00000000ed400000,0x00000000ed400000)
  from space 2560K, 99% used [0x00000000ed680000,0x00000000ed8fe660,0x00000000ed900000)
  to   space 2560K, 0% used [0x00000000ed400000,0x00000000ed400000,0x00000000ed680000)
 ParOldGen       total 44032K, used 3311K [0x00000000c1c00000, 0x00000000c4700000, 0x00000000eb400000)
  object space 44032K, 7% used [0x00000000c1c00000,0x00000000c1f3bf50,0x00000000c4700000)
 Metaspace       used 9199K, capacity 9294K, committed 9344K, reserved 1056768K
  class space    used 1083K, capacity 1109K, committed 1152K, reserved 1048576K
Event: 1.251 GC heap after
Heap after GC invocations=3 (full 0):
 PSYoungGen      total 35328K, used 2544K [0x00000000eb400000, 0x00000000ef900000, 0x0000000100000000)
  eden space 32768K, 0% used [0x00000000eb400000,0x00000000eb400000,0x00000000ed400000)
  from space 2560K, 99% used [0x00000000ed400000,0x00000000ed67c010,0x00000000ed680000)
  to   space 2560K, 0% used [0x00000000ef680000,0x00000000ef680000,0x00000000ef900000)
 ParOldGen       total 44032K, used 9666K [0x00000000c1c00000, 0x00000000c4700000, 0x00000000eb400000)
  object space 44032K, 21% used [0x00000000c1c00000,0x00000000c2570a68,0x00000000c4700000)
 Metaspace       used 9199K, capacity 9294K, committed 9344K, reserved 1056768K
  class space    used 1083K, capacity 1109K, committed 1152K, reserved 1048576K
}
Event: 1.719 GC heap before
{Heap before GC invocations=4 (full 0):
 PSYoungGen      total 35328K, used 35312K [0x00000000eb400000, 0x00000000ef900000, 0x0000000100000000)
  eden space 32768K, 100% used [0x00000000eb400000,0x00000000ed400000,0x00000000ed400000)
  from space 2560K, 99% used [0x00000000ed400000,0x00000000ed67c010,0x00000000ed680000)
  to   space 2560K, 0% used [0x00000000ef680000,0x00000000ef680000,0x00000000ef900000)
 ParOldGen       total 44032K, used 9666K [0x00000000c1c00000, 0x00000000c4700000, 0x00000000eb400000)
  object space 44032K, 21% used [0x00000000c1c00000,0x00000000c2570a68,0x00000000c4700000)
 Metaspace       used 12241K, capacity 12312K, committed 12544K, reserved 1060864K
  class space    used 1525K, capacity 1532K, committed 1536K, reserved 1048576K
Event: 1.730 GC heap after
Heap after GC invocations=4 (full 0):
 PSYoungGen      total 68096K, used 2560K [0x00000000eb400000, 0x00000000ef900000, 0x0000000100000000)
  eden space 65536K, 0% used [0x00000000eb400000,0x00000000eb400000,0x00000000ef400000)
  from space 2560K, 100% used [0x00000000ef680000,0x00000000ef900000,0x00000000ef900000)
  to   space 2560K, 0% used [0x00000000ef400000,0x00000000ef400000,0x00000000ef680000)
 ParOldGen       total 44032K, used 15466K [0x00000000c1c00000, 0x00000000c4700000, 0x00000000eb400000)
  object space 44032K, 35% used [0x00000000c1c00000,0x00000000c2b1a878,0x00000000c4700000)
 Metaspace       used 12241K, capacity 12312K, committed 12544K, reserved 1060864K
  class space    used 1525K, capacity 1532K, committed 1536K, reserved 1048576K
}
Event: 3.579 GC heap before
{Heap before GC invocations=5 (full 0):
 PSYoungGen      total 68096K, used 68096K [0x00000000eb400000, 0x00000000ef900000, 0x0000000100000000)
  eden space 65536K, 100% used [0x00000000eb400000,0x00000000ef400000,0x00000000ef400000)
  from space 2560K, 100% used [0x00000000ef680000,0x00000000ef900000,0x00000000ef900000)
  to   space 2560K, 0% used [0x00000000ef400000,0x00000000ef400000,0x00000000ef680000)
 ParOldGen       total 44032K, used 15466K [0x00000000c1c00000, 0x00000000c4700000, 0x00000000eb400000)
  object space 44032K, 35% used [0x00000000c1c00000,0x00000000c2b1a878,0x00000000c4700000)
 Metaspace       used 18970K, capacity 19178K, committed 19456K, reserved 1067008K
  class space    used 2410K, capacity 2479K, committed 2560K, reserved 1048576K
Event: 3.599 GC heap after
Heap after GC invocations=5 (full 0):
 PSYoungGen      total 68096K, used 2528K [0x00000000eb400000, 0x00000000f5100000, 0x0000000100000000)
  eden space 65536K, 0% used [0x00000000eb400000,0x00000000eb400000,0x00000000ef400000)
  from space 2560K, 98% used [0x00000000ef400000,0x00000000ef678030,0x00000000ef680000)
  to   space 14848K, 0% used [0x00000000f4280000,0x00000000f4280000,0x00000000f5100000)
 ParOldGen       total 44032K, used 26133K [0x00000000c1c00000, 0x00000000c4700000, 0x00000000eb400000)
  object space 44032K, 59% used [0x00000000c1c00000,0x00000000c3585468,0x00000000c4700000)
 Metaspace       used 18970K, capacity 19178K, committed 19456K, reserved 1067008K
  class space    used 2410K, capacity 2479K, committed 2560K, reserved 1048576K
}

Deoptimization events (10 events):
Event: 3.026 Thread 0x0000023cbaf52000 Uncommon trap: reason=bimorphic action=maybe_recompile pc=0x0000023cbcec9c44 method=org.eclipse.emf.common.util.AbstractTreeIterator.next()Ljava/lang/Object; @ 58
Event: 3.151 Thread 0x0000023cbaf52000 Uncommon trap: reason=bimorphic action=maybe_recompile pc=0x0000023cbd0a6ba0 method=org.eclipse.emf.common.util.AbstractTreeIterator.next()Ljava/lang/Object; @ 153
Event: 3.151 Thread 0x0000023cbaf52000 Uncommon trap: reason=bimorphic action=maybe_recompile pc=0x0000023cbd0a6ba0 method=org.eclipse.emf.common.util.AbstractTreeIterator.next()Ljava/lang/Object; @ 153
Event: 3.283 Thread 0x0000023cbaf52000 Uncommon trap: reason=array_check action=maybe_recompile pc=0x0000023cbd082a98 method=org.eclipse.emf.common.util.BasicEList.assign(ILjava/lang/Object;)Ljava/lang/Object; @ 6
Event: 3.283 Thread 0x0000023cbaf52000 Uncommon trap: reason=array_check action=maybe_recompile pc=0x0000023cbd082a98 method=org.eclipse.emf.common.util.BasicEList.assign(ILjava/lang/Object;)Ljava/lang/Object; @ 6
Event: 3.287 Thread 0x0000023cbaf52000 Uncommon trap: reason=array_check action=maybe_recompile pc=0x0000023cbd082a98 method=org.eclipse.emf.common.util.BasicEList.assign(ILjava/lang/Object;)Ljava/lang/Object; @ 6
Event: 3.287 Thread 0x0000023cbaf52000 Uncommon trap: reason=array_check action=maybe_recompile pc=0x0000023cbd082a98 method=org.eclipse.emf.common.util.BasicEList.assign(ILjava/lang/Object;)Ljava/lang/Object; @ 6
Event: 3.436 Thread 0x0000023cbaf52000 Uncommon trap: reason=unstable_if action=reinterpret pc=0x0000023cbcdc7c68 method=java.util.concurrent.ConcurrentHashMap.putVal(Ljava/lang/Object;Ljava/lang/Object;Z)Ljava/lang/Object; @ 181
Event: 3.653 Thread 0x0000023cbaf52000 Uncommon trap: reason=unstable_if action=reinterpret pc=0x0000023cbd184310 method=org.uqbar.project.wollok.wollokDsl.impl.WMemberFeatureCallImpl.eIsSet(I)Z @ 104
Event: 3.772 Thread 0x0000023cbaf52000 Uncommon trap: reason=unstable_if action=reinterpret pc=0x0000023cbcc9847c method=java.io.WinNTFileSystem.normalize(Ljava/lang/String;)Ljava/lang/String; @ 49

Classes redefined (0 events):
No events

Internal exceptions (10 events):
Event: 3.526 Thread 0x0000023cbaf52000 Exception <a 'java/lang/reflect/InvocationTargetException'> (0x00000000ef19e420) thrown at [C:\cygwin64\tmp\openjdk-jdk8u-windows-x64-hotspot\workspace\build\src\hotspot\src\share\vm\runtime\reflection.cpp, line 1092]
Event: 3.531 Thread 0x0000023cbaf52000 Exception <a 'java/lang/reflect/InvocationTargetException'> (0x00000000ef1df470) thrown at [C:\cygwin64\tmp\openjdk-jdk8u-windows-x64-hotspot\workspace\build\src\hotspot\src\share\vm\runtime\reflection.cpp, line 1092]
Event: 3.533 Thread 0x0000023cbaf52000 Exception <a 'java/lang/reflect/InvocationTargetException'> (0x00000000ef1fb060) thrown at [C:\cygwin64\tmp\openjdk-jdk8u-windows-x64-hotspot\workspace\build\src\hotspot\src\share\vm\runtime\reflection.cpp, line 1092]
Event: 3.535 Thread 0x0000023cbaf52000 Exception <a 'java/lang/reflect/InvocationTargetException'> (0x00000000ef216ca0) thrown at [C:\cygwin64\tmp\openjdk-jdk8u-windows-x64-hotspot\workspace\build\src\hotspot\src\share\vm\runtime\reflection.cpp, line 1092]
Event: 4.287 Thread 0x0000023cbaf52000 Exception <a 'java/security/PrivilegedActionException'> (0x00000000ebdd03c0) thrown at [C:\cygwin64\tmp\openjdk-jdk8u-windows-x64-hotspot\workspace\build\src\hotspot\src\share\vm\prims\jvm.cpp, line 1502]
Event: 4.287 Thread 0x0000023cbaf52000 Exception <a 'java/security/PrivilegedActionException'> (0x00000000ebdd18f0) thrown at [C:\cygwin64\tmp\openjdk-jdk8u-windows-x64-hotspot\workspace\build\src\hotspot\src\share\vm\prims\jvm.cpp, line 1502]
Event: 4.287 Thread 0x0000023cbaf52000 Exception <a 'java/security/PrivilegedActionException'> (0x00000000ebdd2d20) thrown at [C:\cygwin64\tmp\openjdk-jdk8u-windows-x64-hotspot\workspace\build\src\hotspot\src\share\vm\prims\jvm.cpp, line 1502]
Event: 4.287 Thread 0x0000023cbaf52000 Exception <a 'java/security/PrivilegedActionException'> (0x00000000ebdd43e0) thrown at [C:\cygwin64\tmp\openjdk-jdk8u-windows-x64-hotspot\workspace\build\src\hotspot\src\share\vm\prims\jvm.cpp, line 1502]
Event: 4.287 Thread 0x0000023cbaf52000 Exception <a 'java/security/PrivilegedActionException'> (0x00000000ebdd57d8) thrown at [C:\cygwin64\tmp\openjdk-jdk8u-windows-x64-hotspot\workspace\build\src\hotspot\src\share\vm\prims\jvm.cpp, line 1502]
Event: 4.287 Thread 0x0000023cbaf52000 Exception <a 'java/security/PrivilegedActionException'> (0x00000000ebdd6ba0) thrown at [C:\cygwin64\tmp\openjdk-jdk8u-windows-x64-hotspot\workspace\build\src\hotspot\src\share\vm\prims\jvm.cpp, line 1502]

Events (10 events):
Event: 4.322 loading class org/lwjgl/openal/ALCdevice
Event: 4.322 loading class org/lwjgl/openal/ALCdevice done
Event: 4.322 loading class org/lwjgl/openal/ALCcontext
Event: 4.322 loading class org/lwjgl/openal/ALCcontext done
Event: 4.323 loading class java/nio/DirectIntBufferU
Event: 4.323 loading class java/nio/DirectIntBufferU done
Event: 4.323 loading class org/lwjgl/openal/Util
Event: 4.323 loading class org/lwjgl/openal/Util done
Event: 4.324 loading class org/lwjgl/openal/OpenALException
Event: 4.324 loading class org/lwjgl/openal/OpenALException done


Dynamic libraries:
0x00007ff6d8320000 - 0x00007ff6d835a000 	C:\Program Files\AdoptOpenJDK\jdk-8.0.242.08-hotspot\bin\javaw.exe
0x00007fff828a0000 - 0x00007fff82a90000 	C:\WINDOWS\SYSTEM32\ntdll.dll
0x00007fff799f0000 - 0x00007fff79a03000 	C:\Program Files\AVAST Software\Avast\aswhook.dll
0x00007fff81df0000 - 0x00007fff81ea2000 	C:\WINDOWS\System32\KERNEL32.DLL
0x00007fff7fe40000 - 0x00007fff800e4000 	C:\WINDOWS\System32\KERNELBASE.dll
0x00007fff80cf0000 - 0x00007fff80d93000 	C:\WINDOWS\System32\ADVAPI32.dll
0x00007fff80950000 - 0x00007fff809ee000 	C:\WINDOWS\System32\msvcrt.dll
0x00007fff80a00000 - 0x00007fff80a97000 	C:\WINDOWS\System32\sechost.dll
0x00007fff816d0000 - 0x00007fff817f0000 	C:\WINDOWS\System32\RPCRT4.dll
0x00007fff82610000 - 0x00007fff827a4000 	C:\WINDOWS\System32\USER32.dll
0x00007fff80920000 - 0x00007fff80941000 	C:\WINDOWS\System32\win32u.dll
0x00007fff814b0000 - 0x00007fff814d6000 	C:\WINDOWS\System32\GDI32.dll
0x00007fff7fb50000 - 0x00007fff7fce4000 	C:\WINDOWS\System32\gdi32full.dll
0x00007fff7f830000 - 0x00007fff7f8ce000 	C:\WINDOWS\System32\msvcp_win.dll
0x00007fff7f8d0000 - 0x00007fff7f9ca000 	C:\WINDOWS\System32\ucrtbase.dll
0x00007fff6ac00000 - 0x00007fff6ae84000 	C:\WINDOWS\WinSxS\amd64_microsoft.windows.common-controls_6595b64144ccf1df_6.0.18362.836_none_e6c4b943130f18ed\COMCTL32.dll
0x00007fff81f60000 - 0x00007fff82296000 	C:\WINDOWS\System32\combase.dll
0x00007fff7fa50000 - 0x00007fff7fad0000 	C:\WINDOWS\System32\bcryptPrimitives.dll
0x00007fff827b0000 - 0x00007fff827de000 	C:\WINDOWS\System32\IMM32.DLL
0x00007fff629b0000 - 0x00007fff62a9f000 	C:\Program Files\AdoptOpenJDK\jdk-8.0.242.08-hotspot\jre\bin\msvcr120.dll
0x00007fff77390000 - 0x00007fff77436000 	C:\Program Files\AdoptOpenJDK\jdk-8.0.242.08-hotspot\jre\bin\msvcp120.dll
0x0000000057da0000 - 0x00000000585a1000 	C:\Program Files\AdoptOpenJDK\jdk-8.0.242.08-hotspot\jre\bin\server\jvm.dll
0x00007fff82450000 - 0x00007fff82458000 	C:\WINDOWS\System32\PSAPI.DLL
0x00007fff6e3b0000 - 0x00007fff6e3b9000 	C:\WINDOWS\SYSTEM32\WSOCK32.dll
0x00007fff82460000 - 0x00007fff824cf000 	C:\WINDOWS\System32\WS2_32.dll
0x00007fff7c7e0000 - 0x00007fff7c804000 	C:\WINDOWS\SYSTEM32\WINMM.dll
0x00007fff74060000 - 0x00007fff7406a000 	C:\WINDOWS\SYSTEM32\VERSION.dll
0x00007fff7c7b0000 - 0x00007fff7c7dd000 	C:\WINDOWS\SYSTEM32\WINMMBASE.dll
0x00007fff7fa00000 - 0x00007fff7fa4a000 	C:\WINDOWS\System32\cfgmgr32.dll
0x00007fff79b50000 - 0x00007fff79b5f000 	C:\Program Files\AdoptOpenJDK\jdk-8.0.242.08-hotspot\jre\bin\verify.dll
0x00007fff6f640000 - 0x00007fff6f668000 	C:\Program Files\AdoptOpenJDK\jdk-8.0.242.08-hotspot\jre\bin\java.dll
0x00007fff70130000 - 0x00007fff70146000 	C:\Program Files\AdoptOpenJDK\jdk-8.0.242.08-hotspot\jre\bin\zip.dll
0x00007fff80da0000 - 0x00007fff81484000 	C:\WINDOWS\System32\SHELL32.dll
0x00007fff81eb0000 - 0x00007fff81f59000 	C:\WINDOWS\System32\shcore.dll
0x00007fff800f0000 - 0x00007fff8086e000 	C:\WINDOWS\System32\windows.storage.dll
0x00007fff7f7e0000 - 0x00007fff7f803000 	C:\WINDOWS\System32\profapi.dll
0x00007fff7f790000 - 0x00007fff7f7da000 	C:\WINDOWS\System32\powrprof.dll
0x00007fff7f760000 - 0x00007fff7f770000 	C:\WINDOWS\System32\UMPDC.dll
0x00007fff81d90000 - 0x00007fff81de2000 	C:\WINDOWS\System32\shlwapi.dll
0x00007fff7f810000 - 0x00007fff7f821000 	C:\WINDOWS\System32\kernel.appcore.dll
0x00007fff7fad0000 - 0x00007fff7fae7000 	C:\WINDOWS\System32\cryptsp.dll
0x0000000065580000 - 0x0000000065616000 	C:\Users\franc\AppData\Local\Temp\libgdxfranc\12dfaa03\gdx64.dll
0x00007fff7eb40000 - 0x00007fff7eb73000 	C:\WINDOWS\system32\rsaenh.dll
0x00007fff7f9d0000 - 0x00007fff7f9f6000 	C:\WINDOWS\System32\bcrypt.dll
0x00007fff7f680000 - 0x00007fff7f6a5000 	C:\WINDOWS\SYSTEM32\USERENV.dll
0x00007fff7f1a0000 - 0x00007fff7f1ac000 	C:\WINDOWS\SYSTEM32\CRYPTBASE.dll
0x00007fff6f620000 - 0x00007fff6f63a000 	C:\Program Files\AdoptOpenJDK\jdk-8.0.242.08-hotspot\jre\bin\net.dll
0x00007fff7efd0000 - 0x00007fff7f037000 	C:\WINDOWS\system32\mswsock.dll
0x00007fff7ece0000 - 0x00007fff7ed1a000 	C:\WINDOWS\SYSTEM32\IPHLPAPI.DLL
0x00007fff816c0000 - 0x00007fff816c8000 	C:\WINDOWS\System32\NSI.dll
0x00007fff73730000 - 0x00007fff73746000 	C:\WINDOWS\SYSTEM32\dhcpcsvc6.DLL
0x00007fff73800000 - 0x00007fff7381c000 	C:\WINDOWS\SYSTEM32\dhcpcsvc.DLL
0x00007fff7ed20000 - 0x00007fff7edeb000 	C:\WINDOWS\SYSTEM32\DNSAPI.dll
0x00007fff6f600000 - 0x00007fff6f612000 	C:\Program Files\AdoptOpenJDK\jdk-8.0.242.08-hotspot\jre\bin\nio.dll
0x0000000180000000 - 0x0000000180053000 	C:\Users\franc\AppData\Local\Temp\libgdxfranc\dc0f0009\lwjgl64.dll
0x00007fff71450000 - 0x00007fff715a6000 	C:\WINDOWS\SYSTEM32\OPENGL32.dll
0x00007fff725a0000 - 0x00007fff725cc000 	C:\WINDOWS\SYSTEM32\GLU32.dll
0x00007fff7e3d0000 - 0x00007fff7e3f0000 	C:\WINDOWS\SYSTEM32\dxcore.dll
0x0000023cbb060000 - 0x0000023cbb0c4000 	C:\Users\franc\AppData\Local\Temp\libgdxfranc\dc0f0009\OpenAL64.dll
0x00007fff80b20000 - 0x00007fff80c77000 	C:\WINDOWS\System32\ole32.dll
0x00007fff7cf50000 - 0x00007fff7cfe9000 	C:\WINDOWS\system32\uxtheme.dll
0x00007fff814e0000 - 0x00007fff81582000 	C:\WINDOWS\System32\clbcatq.dll
0x00007fff57590000 - 0x00007fff57629000 	C:\WINDOWS\SYSTEM32\dsound.dll
0x00007fff731b0000 - 0x00007fff73222000 	C:\WINDOWS\System32\MMDevApi.dll
0x00007fff7f560000 - 0x00007fff7f58a000 	C:\WINDOWS\System32\DEVOBJ.dll
0x00007fff73230000 - 0x00007fff7338d000 	C:\WINDOWS\SYSTEM32\AUDIOSES.DLL
0x00007fff81cc0000 - 0x00007fff81d84000 	C:\WINDOWS\System32\OLEAUT32.dll
0x00007fff7ada0000 - 0x00007fff7aef3000 	C:\WINDOWS\SYSTEM32\wintypes.dll
0x00007fff7e030000 - 0x00007fff7e224000 	C:\WINDOWS\SYSTEM32\dbghelp.dll

VM Arguments:
jvm_args: -Duser.language=es_ES -Dfile.encoding=UTF-8 
java_command: org.uqbar.project.wollok.launch.WollokLauncher -requestsPort 0 -eventsPort 0 -folder -dontValidate -wf src/program.wpgm
java_class_path (initial): C:\Users\franc\git\2020tpgame-donal\bin;C:\Users\franc\Desktop\UTN\INGENIERIA EN SISTEMAS\2 Paradigmas\2020\wollok\plugins\com.ibm.icu_56.1.0.v201601250100.jar;C:\Users\franc\Desktop\UTN\INGENIERIA EN SISTEMAS\2 Paradigmas\2020\wollok\plugins\org.eclipse.xtext_2.11.0.v20170130-0808.jar;C:\Users\franc\Desktop\UTN\INGENIERIA EN SISTEMAS\2 Paradigmas\2020\wollok\plugins\org.eclipse.emf.ecore.xmi_2.12.0.v20160420-0247.jar;C:\Users\franc\Desktop\UTN\INGENIERIA EN SISTEMAS\2 Paradigmas\2020\wollok\plugins\org.eclipse.emf.ecore_2.12.0.v20160420-0247.jar;C:\Users\franc\Desktop\UTN\INGENIERIA EN SISTEMAS\2 Paradigmas\2020\wollok\plugins\org.eclipse.emf.common_2.12.0.v20160420-0247.jar;C:\Users\franc\Desktop\UTN\INGENIERIA EN SISTEMAS\2 Paradigmas\2020\wollok\plugins\org.antlr.runtime_3.2.0.v201101311130.jar;C:\Users\franc\Desktop\UTN\INGENIERIA EN SISTEMAS\2 Paradigmas\2020\wollok\plugins\com.google.inject_3.0.0.v201605172100.jar;C:\Users\franc\Desktop\UTN\INGENIERIA EN SISTEMAS\2 Paradigmas\2020\wollok\plugins\org.eclipse.emf.mwe.core_1.5.1.v20191121-1148.jar;C:\Users\franc\Desktop\UTN\INGENIERIA EN SISTEMAS\2 Paradigmas\2020\wollok\plugins\org.apache.commons.cli_1.2.0.v201404270220.jar;C:\Users\franc\Desktop\UTN\INGENIERIA EN SISTEMAS\2 Paradigmas\2020\wollok\plugins\org.eclipse.emf.mwe2.runtime_2.11.1.v20191121-1148.jar;C:\Users\franc\Desktop\UTN\INGENIERIA EN SISTEMAS\2 Paradigmas\2020\wollok\plugins\org.eclipse.emf.mwe.utils_1.5.1.v20191121-1148.jar;C:\Users\franc\Desktop\UTN\INGENIERIA EN SISTEMAS\2 Paradigmas\2020\wollok\plugins\org.eclipse.xtext.util_2.11.0.v20170130-0808.jar;C:\Users\franc\Desktop\UTN\INGENIERIA EN SISTEMAS\2 Paradigmas\2020\wollok\plugins\com.google.guava_15.0.0.v201403281430.jar;C:\Users\franc\Desktop\UTN\INGENIERIA EN SISTEMAS\2 Paradigmas\2020\wollok\plugins\javax.inject_1.0.0.v20091030.jar;C:\Users\franc\Desktop\UTN\INGENIERIA EN SISTEMAS\2 Paradigmas\2020\wollok\plugins\org.eclipse.xtext.generator_2.11.0.v20170131-
Launcher Type: SUN_STANDARD

Environment Variables:
PATH=C:/Program Files/AdoptOpenJDK/jdk-8.0.242.08-hotspot/bin/../jre/bin/server;C:/Program Files/AdoptOpenJDK/jdk-8.0.242.08-hotspot/bin/../jre/bin;C:/Program Files/AdoptOpenJDK/jdk-8.0.242.08-hotspot/bin/../jre/lib/amd64;C:\Program Files\AdoptOpenJDK\jdk-8.0.242.08-hotspot\bin;C:\Program Files (x86)\Intel\iCLS Client\;C:\Program Files\Intel\iCLS Client\;C:\WINDOWS\system32;C:\WINDOWS;C:\WINDOWS\System32\Wbem;C:\WINDOWS\System32\WindowsPowerShell\v1.0\;C:\Program Files (x86)\Intel\Intel(R) Management Engine Components\DAL;C:\Program Files\Intel\Intel(R) Management Engine Components\DAL;C:\Program Files (x86)\Intel\Intel(R) Management Engine Components\IPT;C:\Program Files\Intel\Intel(R) Management Engine Components\IPT;C:\WINDOWS\System32\OpenSSH\;C:\Program Files\Intel\WiFi\bin\;C:\Program Files\Common Files\Intel\WirelessCommon\;C:\Users\franc\AppData\Local\Programs\Python\Python38-32\Scripts\;C:\Users\franc\AppData\Local\Programs\Python\Python38-32\;C:\Users\franc\AppData\Local\Microsoft\WindowsApps;;C:\Users\franc\AppData\Local\Programs\Microsoft VS Code\bin;C:\Users\franc\Desktop\UTN\INGENIERIA EN SISTEMAS\2 Paradigmas\2020\wollok;
USERNAME=franc
OS=Windows_NT
PROCESSOR_IDENTIFIER=Intel64 Family 6 Model 142 Stepping 9, GenuineIntel



---------------  S Y S T E M  ---------------

OS: Windows 10.0 , 64 bit Build 18362 (10.0.18362.778)

CPU:total 4 (initial active 4) (2 cores per cpu, 2 threads per core) family 6 model 142 stepping 9, cmov, cx8, fxsr, mmx, sse, sse2, sse3, ssse3, sse4.1, sse4.2, popcnt, avx, avx2, aes, clmul, erms, 3dnowpref, lzcnt, ht, tsc, tscinvbit, bmi1, bmi2, adx

Memory: 4k page, physical 4078588k(891828k free), swap 7275772k(2264660k free)

vm_info: OpenJDK 64-Bit Server VM (25.242-b08) for windows-amd64 JRE (1.8.0_242-b08), built on Jan 19 2020 14:45:52 by "jenkins" with MS VC++ 12.0 (VS2013)

time: Sat Jun 06 20:29:58 2020
timezone: Hora estándar de Argentina
elapsed time: 4 seconds (0d 0h 0m 4s)

